#
# A fatal error has been detected by the Java Runtime Environment:
#
#  EXCEPTION_ACCESS_VIOLATION (0xc0000005) at pc=0x00007fff8cd0fa2a, pid=24080, tid=748
#
# JRE version: OpenJDK Runtime Environment Temurin-17.0.4.1+1 (17.0.4.1+1) (build 17.0.4.1+1)
# Java VM: OpenJDK 64-Bit Server VM Temurin-17.0.4.1+1 (17.0.4.1+1, mixed mode, emulated-client, tiered, compressed oops, compressed class ptrs, g1 gc, windows-amd64)
# Problematic frame:
# V  [jvm.dll+0x79fa2a]
#
# No core dump will be written. Minidumps are not enabled by default on client versions of Windows
#
# If you would like to submit a bug report, please visit:
#   https://github.com/adoptium/adoptium-support/issues
#

---------------  S U M M A R Y ------------

Command Line: -XX:+ShowCodeDetailsInExceptionMessages -agentlib:jdwp=transport=dt_socket,suspend=y,address=localhost:51883 -Dcom.sun.management.jmxremote -Dcom.sun.management.jmxremote.port=51882 -Dcom.sun.management.jmxremote.authenticate=false -Dcom.sun.management.jmxremote.ssl=false -Djava.rmi.server.hostname=localhost -Dspring.jmx.enabled=true -Dspring.application.admin.enabled=true -XX:TieredStopAtLevel=1 -Dspring.boot.project.name=crud -javaagent:C:\Users\ludovic.plasse.ext\Desktop\sts-4.16.1.RELEASE\configuration\org.eclipse.osgi\268\0\.cp\lib\javaagent-shaded.jar -Dfile.encoding=UTF-8 com.springboot.crud.plasse.CrudApplication --spring.output.ansi.enabled=always

Host: 11th Gen Intel(R) Core(TM) i7-1185G7 @ 3.00GHz, 8 cores, 15G,  Windows 10 , 64 bit Build 19041 (10.0.19041.3155)
Time: Fri Jul 21 09:15:41 2023 Paris, Madrid (heure duild 19041 (10.0.19041.3155) elapsed time: 172.056379 seconds (0d 0h 2m 52s)

---------------  T H R E A D  ---------------

Current thread (0x00000191eb6d8490):  JavaThread "JDWP Transport Listener: dt_socket" daemon [_thread_in_vm, id=748, stack(0x00000074ce000000,0x00000074ce100000)]

Stack: [0x00000074ce000000,0x00000074ce100000],  sp=0x00000074ce0ff470,  free space=1021k
Native frames: (J=compiled Java code, j=interpreted, Vv=VM code, C=native code)
V  [jvm.dll+0x79fa2a]
V  [jvm.dll+0x50965c]
V  [jvm.dll+0x4d0cc4]
C  [jdwp.dll+0x22f7b]


siginfo: EXCEPTION_ACCESS_VIOLATION (0xc0000005), reading address 0x0000000000250023


Register to memory mapping:

RIP=0x00007fff8cd0fa2a jvm.dll
RAX=0x0000000000000024 is an unknown value
RBX=0x00000191eb4cfe87 points into unknown readable memory: 6f
RCX=0x000000000025001f is an unknown value
RDX=0x00000191f219d8b0 points into unknown readable memory: 0x7270732f6d6f634c | 4c 63 6f 6d 2f 73 70 72
RSP=0x00000074ce0ff470 is pointing into the stack for thread: 0x00000191eb6d8490
RBP=0x00000191eb6c8450 points into unknown readable memory: 0xffffffff00000002 | 02 00 00 00 ff ff ff ff
RSI=0x0 is NULL
RDI=0xffffffffffffffff is an unknown value
R8 =0x00000000000001f6 is an unknown value
R9 =0x000000000000003d is an unknown value
R10=0x00000000000001c0 is an unknown value
R11=0x00000074ce0ff490 is pointing into the stack for thread: 0x00000191eb6d8490
R12=0x00000074ce0ff5c8 is pointing into the stack for thread: 0x00000191eb6d8490
R13=0x0 is NULL
R14=0x0000000800a1d7f8 is a pointer to class: 
com.springboot.crud.plasse.validator.GenderValidator {0x0000000800a1d800}
 - instance size:     2
 - klass size:        71
 - access:            public synchronized 
 - state:             fully_initialized
 - name:              'com/springboot/crud/plasse/validator/GenderValidator'
 - super:             'java/lang/Object'
 - sub:               
 - arrays:            NULL
 - methods:           Array<T>(0x00000191f32a5838)
 - method ordering:   Array<T>(0x00000191f32a5a40)
 - default_methods:   Array<T>(0x00000191f3077348)
 - default vtable indices:   Array<T>(0x00000191f3077358)
 - local interfaces:  Array<T>(0x00000191f30770b8)
 - trans. interfaces: Array<T>(0x00000191f30770b8)
 - constants:         constant pool [69] {0x00000191f32a5ea0} for 'com/springboot/crud/plasse/validator/GenderValidator' cache=0x00000191f32a6148
 - class loader data:  loader data: 0x00000191eab27cc0 for instance a 'jdk/internal/loader/ClassLoaders$AppClassLoader'{0x00000007046efca0}
 - source file:       'GenderValidator.java'
 - source debug extension:       SMAP
GenderValidator.java
Java
*S jdt
*F
1 GenderValidator.java
2 file:/C:/Users/ludovic.plasse.ext/Documents/Spring%20projects/crud/target/classes/
*L
*E

 - class annotations:       Array<T>(0x0000000000000000)
 - class type annotations:  Array<T>(0x0000000000000000)
 - field annotations:       Array<T>(0x0000000000000000)
 - field type annotations:  Array<T>(0x0000000000000000)
 - generic signature: '
[error occurred during error reporting (printing register info), id 0xc0000005, EXCEPTION_ACCESS_VIOLATION (0xc0000005) at pc=0x00007fff8cd10636]

Registers:
RAX=0x0000000000000024, RBX=0x00000191eb4cfe87, RCX=0x000000000025001f, RDX=0x00000191f219d8b0
RSP=0x00000074ce0ff470, RBP=0x00000191eb6c8450, RSI=0x0000000000000000, RDI=0xffffffffffffffff
R8 =0x00000000000001f6, R9 =0x000000000000003d, R10=0x00000000000001c0, R11=0x00000074ce0ff490
R12=0x00000074ce0ff5c8, R13=0x0000000000000000, R14=0x0000000800a1d7f8, R15=0x00000074ce0ff5f0
RIP=0x00007fff8cd0fa2a, EFLAGS=0x0000000000010202

Top of Stack: (sp=0x00000074ce0ff470)
0x00000074ce0ff470:   0000000000000034 0000000800a1d7f8
0x00000074ce0ff480:   00000191ed0b6a90 00007ff823fb47b1
0x00000074ce0ff490:   ffffffffffffffff 00007fff8ca7965c
0x00000074ce0ff4a0:   00000191eb4cfe87 00000191eb4cfe50
0x00000074ce0ff4b0:   00000191eb6c8450 0000000000000000
0x00000074ce0ff4c0:   00000191eb4cfe00 00000000000003d8
0x00000074ce0ff4d0:   00000191eb4cfe10 00000191eb4d01e8
0x00000074ce0ff4e0:   000000000001ad01 00000074ce0ff5c8
0x00000074ce0ff4f0:   0000000000000007 00000191eb6d8738
0x00000074ce0ff500:   0000000709202fb8 00007fff8ca40cc4
0x00000074ce0ff510:   00000191eb6d8490 00000074ce0ff5f0
0x00000074ce0ff520:   00000191d611ee10 00000074ce0ff5f0
0x00000074ce0ff530:   00000191eb6d8490 0000000000000000
0x00000074ce0ff540:   0000000000000000 0000000000000000
0x00000074ce0ff550:   00000191eb630f50 00007ffffee62f7b
0x00000074ce0ff560:   00000074ce0ff5e8 00007ffffee71600 

Instructions: (pc=0x00007fff8cd0fa2a)
0x00007fff8cd0f92a:   48 83 c4 20 5f e9 bc 69 90 ff cc cc cc cc cc cc
0x00007fff8cd0f93a:   cc cc cc cc cc cc 48 89 5c 24 08 57 48 83 ec 20
0x00007fff8cd0f94a:   83 fa 02 8d 42 06 b9 08 00 00 00 49 8b d8 0f 4e
0x00007fff8cd0f95a:   c1 48 63 c8 48 83 c1 07 83 e1 f8 48 63 f9 49 8b
0x00007fff8cd0f96a:   48 18 48 8b c7 48 f7 d0 48 3b c1 73 16 4c 8d 05
0x00007fff8cd0f97a:   ba 58 17 00 48 8b d7 48 8b cb e8 c7 cc 90 ff 48
0x00007fff8cd0f98a:   8b 4b 18 48 8d 04 39 48 3b 43 20 76 18 45 33 c0
0x00007fff8cd0f99a:   48 8b d7 48 8b cb 48 8b 5c 24 30 48 83 c4 20 5f
0x00007fff8cd0f9aa:   e9 21 c9 90 ff 48 89 43 18 48 8b c1 48 8b 5c 24
0x00007fff8cd0f9ba:   30 48 83 c4 20 5f c3 cc cc cc cc cc cc cc cc cc
0x00007fff8cd0f9ca:   cc cc cc cc cc cc 4c 8b d2 4c 8b d9 45 85 c0 7e
0x00007fff8cd0f9da:   3c 44 0f b7 49 04 41 8d 40 ff 41 3b c1 44 0f 4c
0x00007fff8cd0f9ea:   c8 4d 63 c1 45 85 c9 7e 1f 48 8b c2 4c 2b da 49
0x00007fff8cd0f9fa:   8b d0 0f 1f 40 00 41 0f b6 4c 03 06 88 08 48 8d
0x00007fff8cd0fa0a:   40 01 48 83 ea 01 75 ee 43 c6 04 10 00 49 8b c2
0x00007fff8cd0fa1a:   c3 cc cc cc cc cc 48 89 5c 24 08 57 48 83 ec 20
0x00007fff8cd0fa2a:   0f b7 59 04 48 8b f9 33 d2 48 8d 4b 01 e8 f4 d9
0x00007fff8cd0fa3a:   f2 ff 0f b7 57 04 4c 8b c0 3b da 0f 42 d3 44 8b
0x00007fff8cd0fa4a:   ca 85 d2 74 39 48 2b f8 0f 1f 40 00 66 66 0f 1f
0x00007fff8cd0fa5a:   84 00 00 00 00 00 0f b6 4c 07 06 88 08 48 ff c0
0x00007fff8cd0fa6a:   48 8b c8 49 2b c8 49 3b c9 7c eb 42 c6 04 02 00
0x00007fff8cd0fa7a:   49 8b c0 48 8b 5c 24 30 48 83 c4 20 5f c3 48 8b
0x00007fff8cd0fa8a:   5c 24 30 c6 04 02 00 48 83 c4 20 5f c3 cc cc cc
0x00007fff8cd0fa9a:   cc cc cc cc cc cc 4c 8b d1 45 85 c0 7e 6c 44 0f
0x00007fff8cd0faaa:   b7 49 04 41 8d 40 ff 41 3b c1 44 0f 4c c8 4d 63
0x00007fff8cd0faba:   d9 45 85 c9 7e 22 48 8b ca 4c 2b d2 4d 8b c3 0f
0x00007fff8cd0faca:   1f 80 00 00 00 00 41 0f b6 44 0a 06 88 01 48 8d
0x00007fff8cd0fada:   49 01 49 83 e8 01 75 ee 41 c6 04 13 00 48 c7 c0
0x00007fff8cd0faea:   ff ff ff ff 66 90 48 ff c0 80 3c 02 00 75 f7 48
0x00007fff8cd0fafa:   63 c8 85 c0 48 8b c2 7e 14 80 38 2f 75 03 c6 00
0x00007fff8cd0fb0a:   2e 48 ff c0 48 83 e9 01 75 ef 48 8b c2 c3 cc cc
0x00007fff8cd0fb1a:   cc cc cc cc cc cc 48 83 ec 28 e8 f7 fe ff ff 4c 


Stack slot to memory mapping:
stack at sp + 0 slots: 0x0000000000000034 is an unknown value
stack at sp + 1 slots: 0x0000000800a1d7f8 is a pointer to class: 
com.springboot.crud.plasse.validator.GenderValidator {0x0000000800a1d800}
 - instance size:     2
 - klass size:        71
 - access:            public synchronized 
 - state:             fully_initialized
 - name:              'com/springboot/crud/plasse/validator/GenderValidator'
 - super:             'java/lang/Object'
 - sub:               
 - arrays:            NULL
 - methods:           Array<T>(0x00000191f32a5838)
 - method ordering:   Array<T>(0x00000191f32a5a40)
 - default_methods:   Array<T>(0x00000191f3077348)
 - default vtable indices:   Array<T>(0x00000191f3077358)
 - local interfaces:  Array<T>(0x00000191f30770b8)
 - trans. interfaces: Array<T>(0x00000191f30770b8)
 - constants:         constant pool [69] {0x00000191f32a5ea0} for 'com/springboot/crud/plasse/validator/GenderValidator' cache=0x00000191f32a6148
 - class loader data:  loader data: 0x00000191eab27cc0 for instance a 'jdk/internal/loader/ClassLoaders$AppClassLoader'{0x00000007046efca0}
 - source file:       'GenderValidator.java'
 - source debug extension:       SMAP
GenderValidator.java
Java
*S jdt
*F
1 GenderValidator.java
2 file:/C:/Users/ludovic.plasse.ext/Documents/Spring%20projects/crud/target/classes/
*L
*E

 - class annotations:       Array<T>(0x0000000000000000)
 - class type annotations:  Array<T>(0x0000000000000000)
 - field annotations:       Array<T>(0x0000000000000000)
 - field type annotations:  Array<T>(0x0000000000000000)
 - generic signature: '
[error occurred during error reporting (inspecting top of stack), id 0xc0000005, EXCEPTION_ACCESS_VIOLATION (0xc0000005) at pc=0x00007fff8cd10636]


---------------  P R O C E S S  ---------------

Threads class SMR info:
_java_thread_list=0x00000191ec3cc480, length=36, elements={
0x00000191eb46d620, 0x00000191eb421b10, 0x00000191eb4844b0, 0x00000191eb485f80,
0x00000191eb488950, 0x00000191eb48cb10, 0x00000191eb48d3d0, 0x00000191eb48dcd0,
0x00000191eb5cda00, 0x00000191eb6d8490, 0x00000191eb6da530, 0x00000191eb6db030,
0x00000191ec0a6620, 0x00000191ec29b770, 0x00000191ec294730, 0x00000191ec299000,
0x00000191ed45fb80, 0x00000191ed399db0, 0x00000191eb72f080, 0x00000191ef7a5cb0,
0x00000191ef7a57e0, 0x00000191ef7a6180, 0x00000191ef7a6ff0, 0x00000191ef7a74c0,
0x00000191ef7a7990, 0x00000191ef7a8800, 0x00000191ef7a5310, 0x00000191ef7a7e60,
0x00000191eb7303c0, 0x00000191ed6c9100, 0x00000191ed6cb2b0, 0x00000191ed6c6f50,
0x00000191ed6cb780, 0x00000191ed6c9aa0, 0x00000191ed6c4da0, 0x00000191ed6cade0
}

Java Threads: ( => current thread )
  0x00000191eb46d620 JavaThread "Reference Handler" daemon [_thread_blocked, id=25292, stack(0x00000074cd500000,0x00000074cd600000)]
  0x00000191eb421b10 JavaThread "Finalizer" daemon [_thread_blocked, id=1472, stack(0x00000074cd600000,0x00000074cd700000)]
  0x00000191eb4844b0 JavaThread "Signal Dispatcher" daemon [_thread_blocked, id=7900, stack(0x00000074cd700000,0x00000074cd800000)]
  0x00000191eb485f80 JavaThread "Attach Listener" daemon [_thread_blocked, id=27816, stack(0x00000074cd800000,0x00000074cd900000)]
  0x00000191eb488950 JavaThread "Service Thread" daemon [_thread_blocked, id=23624, stack(0x00000074cd900000,0x00000074cda00000)]
  0x00000191eb48cb10 JavaThread "Monitor Deflation Thread" daemon [_thread_blocked, id=29400, stack(0x00000074cda00000,0x00000074cdb00000)]
  0x00000191eb48d3d0 JavaThread "C1 CompilerThread0" daemon [_thread_blocked, id=27820, stack(0x00000074cdb00000,0x00000074cdc00000)]
  0x00000191eb48dcd0 JavaThread "Sweeper thread" daemon [_thread_blocked, id=19924, stack(0x00000074cdc00000,0x00000074cdd00000)]
  0x00000191eb5cda00 JavaThread "Common-Cleaner" daemon [_thread_blocked, id=23896, stack(0x00000074cdd00000,0x00000074cde00000)]
=>0x00000191eb6d8490 JavaThread "JDWP Transport Listener: dt_socket" daemon [_thread_in_vm, id=748, stack(0x00000074ce000000,0x00000074ce100000)]
  0x00000191eb6da530 JavaThread "JDWP Event Helper Thread" daemon [_thread_blocked, id=1448, stack(0x00000074ce100000,0x00000074ce200000)]
  0x00000191eb6db030 JavaThread "JDWP Command Reader" daemon [_thread_in_native, id=27532, stack(0x00000074ce200000,0x00000074ce300000)]
  0x00000191ec0a6620 JavaThread "Notification Thread" daemon [_thread_blocked, id=8612, stack(0x00000074ce300000,0x00000074ce400000)]
  0x00000191ec29b770 JavaThread "RMI TCP Accept-0" daemon [_thread_in_native, id=9496, stack(0x00000074ce400000,0x00000074ce500000)]
  0x00000191ec294730 JavaThread "RMI TCP Accept-51882" daemon [_thread_in_native, id=9080, stack(0x00000074ce500000,0x00000074ce600000)]
  0x00000191ec299000 JavaThread "RMI TCP Accept-0" daemon [_thread_in_native, id=24820, stack(0x00000074ce600000,0x00000074ce700000)]
  0x00000191ed45fb80 JavaThread "RMI Scheduler(0)" daemon [_thread_blocked, id=15916, stack(0x00000074cf300000,0x00000074cf400000)]
  0x00000191ed399db0 JavaThread "JMX server connection timeout 25" daemon [_thread_blocked, id=3704, stack(0x00000074cf500000,0x00000074cf600000)]
  0x00000191eb72f080 JavaThread "HikariPool-1 housekeeper" daemon [_thread_blocked, id=27960, stack(0x00000074cf600000,0x00000074cf700000)]
  0x00000191ef7a5cb0 JavaThread "Catalina-utility-1" [_thread_blocked, id=26128, stack(0x00000074cf800000,0x00000074cf900000)]
  0x00000191ef7a57e0 JavaThread "Catalina-utility-2" [_thread_blocked, id=2876, stack(0x00000074cf900000,0x00000074cfa00000)]
  0x00000191ef7a6180 JavaThread "container-0" [_thread_blocked, id=29584, stack(0x00000074cfa00000,0x00000074cfb00000)]
  0x00000191ef7a6ff0 JavaThread "http-nio-8080-exec-1" daemon [_thread_blocked, id=7072, stack(0x00000074cfc00000,0x00000074cfd00000)]
  0x00000191ef7a74c0 JavaThread "http-nio-8080-exec-2" daemon [_thread_blocked, id=27248, stack(0x00000074cfd00000,0x00000074cfe00000)]
  0x00000191ef7a7990 JavaThread "http-nio-8080-exec-3" daemon [_thread_blocked, id=29656, stack(0x00000074cfe00000,0x00000074cff00000)]
  0x00000191ef7a8800 JavaThread "http-nio-8080-exec-4" daemon [_thread_blocked, id=27420, stack(0x00000074cff00000,0x00000074d0000000)]
  0x00000191ef7a5310 JavaThread "http-nio-8080-exec-5" daemon [_thread_blocked, id=1792, stack(0x00000074d0000000,0x00000074d0100000)]
  0x00000191ef7a7e60 JavaThread "http-nio-8080-exec-6" daemon [_thread_blocked, id=27116, stack(0x00000074d0100000,0x00000074d0200000)]
  0x00000191eb7303c0 JavaThread "http-nio-8080-exec-7" daemon [_thread_blocked, id=25500, stack(0x00000074d0200000,0x00000074d0300000)]
  0x00000191ed6c9100 JavaThread "http-nio-8080-exec-8" daemon [_thread_blocked, id=28880, stack(0x00000074d0300000,0x00000074d0400000)]
  0x00000191ed6cb2b0 JavaThread "http-nio-8080-exec-9" daemon [_thread_blocked, id=10124, stack(0x00000074d0400000,0x00000074d0500000)]
  0x00000191ed6c6f50 JavaThread "http-nio-8080-exec-10" daemon [_thread_blocked, id=20712, stack(0x00000074d0500000,0x00000074d0600000)]
  0x00000191ed6cb780 JavaThread "http-nio-8080-Poller" daemon [_thread_in_native, id=28428, stack(0x00000074d0600000,0x00000074d0700000)]
  0x00000191ed6c9aa0 JavaThread "http-nio-8080-Acceptor" daemon [_thread_in_native, id=13648, stack(0x00000074d0700000,0x00000074d0800000)]
  0x00000191ed6c4da0 JavaThread "DestroyJavaVM" [_thread_blocked, id=4444, stack(0x00000074cce00000,0x00000074ccf00000)]
  0x00000191ed6cade0 JavaThread "RMI TCP Connection(idle)" daemon [_thread_blocked, id=19496, stack(0x00000074d0e00000,0x00000074d0f00000)]

Other Threads:
  0x00000191eab459b0 VMThread "VM Thread" [stack: 0x00000074cd400000,0x00000074cd500000] [id=11784]
  0x00000191d7adc9f0 WatcherThread [stack: 0x00000074ce700000,0x00000074ce800000] [id=18852]
  0x00000191d7b47fe0 GCTaskThread "GC Thread#0" [stack: 0x00000074ccf00000,0x00000074cd000000] [id=18104]
  0x00000191ec388140 GCTaskThread "GC Thread#1" [stack: 0x00000074ce800000,0x00000074ce900000] [id=25812]
  0x00000191ec3883f0 GCTaskThread "GC Thread#2" [stack: 0x00000074ce900000,0x00000074cea00000] [id=3880]
  0x00000191ec3886a0 GCTaskThread "GC Thread#3" [stack: 0x00000074cea00000,0x00000074ceb00000] [id=27348]
  0x00000191ec388f60 GCTaskThread "GC Thread#4" [stack: 0x00000074ceb00000,0x00000074cec00000] [id=15436]
  0x00000191ec389210 GCTaskThread "GC Thread#5" [stack: 0x00000074cec00000,0x00000074ced00000] [id=27412]
  0x00000191ec34e630 GCTaskThread "GC Thread#6" [stack: 0x00000074ced00000,0x00000074cee00000] [id=15496]
  0x00000191ec34e8e0 GCTaskThread "GC Thread#7" [stack: 0x00000074cee00000,0x00000074cef00000] [id=580]
  0x00000191d7b589f0 ConcurrentGCThread "G1 Main Marker" [stack: 0x00000074cd000000,0x00000074cd100000] [id=25836]
  0x00000191d7b59ab0 ConcurrentGCThread "G1 Conc#0" [stack: 0x00000074cd100000,0x00000074cd200000] [id=9772]
  0x00000191ed4f7330 ConcurrentGCThread "G1 Conc#1" [stack: 0x00000074cf700000,0x00000074cf800000] [id=23140]
  0x00000191d7b9e430 ConcurrentGCThread "G1 Refine#0" [stack: 0x00000074cd200000,0x00000074cd300000] [id=15984]
  0x00000191ec3b8060 ConcurrentGCThread "G1 Refine#1" [stack: 0x00000074cef00000,0x00000074cf000000] [id=18420]
  0x00000191ec3b8340 ConcurrentGCThread "G1 Refine#2" [stack: 0x00000074cf000000,0x00000074cf100000] [id=9104]
  0x00000191ea9f44f0 ConcurrentGCThread "G1 Service" [stack: 0x00000074cd300000,0x00000074cd400000] [id=13396]

Threads with active compile tasks:

VM state: not at safepoint (normal execution)

VM Mutex/Monitor currently owned by a thread: None

Heap address: 0x0000000704400000, size: 4028 MB, Compressed Oops mode: Zero based, Oop shift amount: 3

CDS archive(s) not mapped
Compressed class space mapped at: 0x0000000800000000-0x0000000840000000, reserved size: 1073741824
Narrow klass base: 0x0000000800000000, Narrow klass shift: 0, Narrow klass range: 0x40000000

GC Precious Log:
 CPUs: 8 total, 8 available
 Memory: 16110M
 Large Page Support: Disabled
 NUMA Support: Disabled
 Compressed Oops: Enabled (Zero based)
 Heap Region Size: 2M
 Heap Min Capacity: 8M
 Heap Initial Capacity: 252M
 Heap Max Capacity: 4028M
 Pre-touch: Disabled
 Parallel Workers: 8
 Concurrent Workers: 2
 Concurrent Refinement Workers: 8
 Periodic GC: Disabled

Heap:
 garbage-first heap   total 172032K, used 64620K [0x0000000704400000, 0x0000000800000000)
  region size 2048K, 18 young (36864K), 5 survivors (10240K)
 Metaspace       used 78721K, committed 79232K, reserved 1122304K
  class space    used 10570K, committed 10816K, reserved 1048576K

Heap Regions: E=young(eden), S=young(survivor), O=old, HS=humongous(starts), HC=humongous(continues), CS=collection set, F=free, OA=open archive, CA=closed archive, TAMS=top-at-mark-start (previous, next)
|   0|0x0000000704400000, 0x0000000704600000, 0x0000000704600000|100%| O|  |TAMS 0x0000000704600000, 0x0000000704400000| Untracked 
|   1|0x0000000704600000, 0x0000000704800000, 0x0000000704800000|100%| O|  |TAMS 0x0000000704800000, 0x0000000704600000| Untracked 
|   2|0x0000000704800000, 0x0000000704a00000, 0x0000000704a00000|100%| O|  |TAMS 0x0000000704a00000, 0x0000000704800000| Untracked 
|   3|0x0000000704a00000, 0x0000000704c00000, 0x0000000704c00000|100%| O|  |TAMS 0x0000000704c00000, 0x0000000704a00000| Untracked 
|   4|0x0000000704c00000, 0x0000000704e00000, 0x0000000704e00000|100%| O|  |TAMS 0x0000000704e00000, 0x0000000704c00000| Untracked 
|   5|0x0000000704e00000, 0x0000000705000000, 0x0000000705000000|100%| O|  |TAMS 0x0000000704f48c00, 0x0000000704e00000| Untracked 
|   6|0x0000000705000000, 0x0000000705200000, 0x0000000705200000|100%| O|  |TAMS 0x0000000705000000, 0x0000000705000000| Untracked 
|   7|0x0000000705200000, 0x0000000705400000, 0x0000000705400000|100%| O|  |TAMS 0x0000000705200000, 0x0000000705200000| Untracked 
|   8|0x0000000705400000, 0x0000000705600000, 0x0000000705600000|100%| O|  |TAMS 0x0000000705600000, 0x0000000705400000| Untracked 
|   9|0x0000000705600000, 0x0000000705800000, 0x0000000705800000|100%| O|  |TAMS 0x0000000705800000, 0x0000000705600000| Untracked 
|  10|0x0000000705800000, 0x0000000705a00000, 0x0000000705a00000|100%| O|  |TAMS 0x0000000705a00000, 0x0000000705800000| Untracked 
|  11|0x0000000705a00000, 0x0000000705c00000, 0x0000000705c00000|100%| O|  |TAMS 0x0000000705c00000, 0x0000000705a00000| Untracked 
|  12|0x0000000705c00000, 0x0000000705e00000, 0x0000000705e00000|100%| O|  |TAMS 0x0000000705e00000, 0x0000000705c00000| Untracked 
|  13|0x0000000705e00000, 0x0000000706000000, 0x0000000706000000|100%| O|  |TAMS 0x0000000705e00000, 0x0000000705e00000| Untracked 
|  14|0x0000000706000000, 0x000000070611b000, 0x0000000706200000| 55%| O|  |TAMS 0x0000000706000000, 0x0000000706000000| Untracked 
|  15|0x0000000706200000, 0x0000000706200000, 0x0000000706400000|  0%| F|  |TAMS 0x0000000706200000, 0x0000000706200000| Untracked 
|  16|0x0000000706400000, 0x0000000706400000, 0x0000000706600000|  0%| F|  |TAMS 0x0000000706400000, 0x0000000706400000| Untracked 
|  17|0x0000000706600000, 0x0000000706600000, 0x0000000706800000|  0%| F|  |TAMS 0x0000000706600000, 0x0000000706600000| Untracked 
|  18|0x0000000706800000, 0x0000000706800000, 0x0000000706a00000|  0%| F|  |TAMS 0x0000000706800000, 0x0000000706800000| Untracked 
|  19|0x0000000706a00000, 0x0000000706a00000, 0x0000000706c00000|  0%| F|  |TAMS 0x0000000706a00000, 0x0000000706a00000| Untracked 
|  20|0x0000000706c00000, 0x0000000706c00000, 0x0000000706e00000|  0%| F|  |TAMS 0x0000000706c00000, 0x0000000706c00000| Untracked 
|  21|0x0000000706e00000, 0x0000000706e00000, 0x0000000707000000|  0%| F|  |TAMS 0x0000000706e00000, 0x0000000706e00000| Untracked 
|  22|0x0000000707000000, 0x0000000707000000, 0x0000000707200000|  0%| F|  |TAMS 0x0000000707000000, 0x0000000707000000| Untracked 
|  23|0x0000000707200000, 0x0000000707200000, 0x0000000707400000|  0%| F|  |TAMS 0x0000000707200000, 0x0000000707200000| Untracked 
|  24|0x0000000707400000, 0x0000000707400000, 0x0000000707600000|  0%| F|  |TAMS 0x0000000707400000, 0x0000000707400000| Untracked 
|  25|0x0000000707600000, 0x0000000707600000, 0x0000000707800000|  0%| F|  |TAMS 0x0000000707600000, 0x0000000707600000| Untracked 
|  26|0x0000000707800000, 0x0000000707800000, 0x0000000707a00000|  0%| F|  |TAMS 0x0000000707800000, 0x0000000707800000| Untracked 
|  27|0x0000000707a00000, 0x0000000707a00000, 0x0000000707c00000|  0%| F|  |TAMS 0x0000000707a00000, 0x0000000707a00000| Untracked 
|  28|0x0000000707c00000, 0x0000000707c00000, 0x0000000707e00000|  0%| F|  |TAMS 0x0000000707c00000, 0x0000000707c00000| Untracked 
|  29|0x0000000707e00000, 0x0000000707e00000, 0x0000000708000000|  0%| F|  |TAMS 0x0000000707e00000, 0x0000000707e00000| Untracked 
|  30|0x0000000708000000, 0x0000000708000000, 0x0000000708200000|  0%| F|  |TAMS 0x0000000708000000, 0x0000000708000000| Untracked 
|  31|0x0000000708200000, 0x0000000708200000, 0x0000000708400000|  0%| F|  |TAMS 0x0000000708200000, 0x0000000708200000| Untracked 
|  32|0x0000000708400000, 0x0000000708400000, 0x0000000708600000|  0%| F|  |TAMS 0x0000000708400000, 0x0000000708400000| Untracked 
|  33|0x0000000708600000, 0x0000000708800000, 0x0000000708800000|100%| S|CS|TAMS 0x0000000708600000, 0x0000000708600000| Complete 
|  34|0x0000000708800000, 0x0000000708a00000, 0x0000000708a00000|100%| S|CS|TAMS 0x0000000708800000, 0x0000000708800000| Complete 
|  35|0x0000000708a00000, 0x0000000708c00000, 0x0000000708c00000|100%| S|CS|TAMS 0x0000000708a00000, 0x0000000708a00000| Complete 
|  36|0x0000000708c00000, 0x0000000708c00000, 0x0000000708e00000|  0%| F|  |TAMS 0x0000000708c00000, 0x0000000708c00000| Untracked 
|  37|0x0000000708e00000, 0x0000000708e00000, 0x0000000709000000|  0%| F|  |TAMS 0x0000000708e00000, 0x0000000708e00000| Untracked 
|  38|0x0000000709000000, 0x0000000709000000, 0x0000000709200000|  0%| F|  |TAMS 0x0000000709000000, 0x0000000709000000| Untracked 
|  39|0x0000000709200000, 0x0000000709400000, 0x0000000709400000|100%| S|CS|TAMS 0x0000000709200000, 0x0000000709200000| Complete 
|  40|0x0000000709400000, 0x0000000709600000, 0x0000000709600000|100%| S|CS|TAMS 0x0000000709400000, 0x0000000709400000| Complete 
|  41|0x0000000709600000, 0x0000000709600000, 0x0000000709800000|  0%| F|  |TAMS 0x0000000709600000, 0x0000000709600000| Untracked 
|  42|0x0000000709800000, 0x0000000709800000, 0x0000000709a00000|  0%| F|  |TAMS 0x0000000709800000, 0x0000000709800000| Untracked 
|  43|0x0000000709a00000, 0x0000000709a00000, 0x0000000709c00000|  0%| F|  |TAMS 0x0000000709a00000, 0x0000000709a00000| Untracked 
|  44|0x0000000709c00000, 0x0000000709c00000, 0x0000000709e00000|  0%| F|  |TAMS 0x0000000709c00000, 0x0000000709c00000| Untracked 
|  45|0x0000000709e00000, 0x0000000709e00000, 0x000000070a000000|  0%| F|  |TAMS 0x0000000709e00000, 0x0000000709e00000| Untracked 
|  46|0x000000070a000000, 0x000000070a000000, 0x000000070a200000|  0%| F|  |TAMS 0x000000070a000000, 0x000000070a000000| Untracked 
|  47|0x000000070a200000, 0x000000070a200000, 0x000000070a400000|  0%| F|  |TAMS 0x000000070a200000, 0x000000070a200000| Untracked 
|  48|0x000000070a400000, 0x000000070a400000, 0x000000070a600000|  0%| F|  |TAMS 0x000000070a400000, 0x000000070a400000| Untracked 
|  49|0x000000070a600000, 0x000000070a600000, 0x000000070a800000|  0%| F|  |TAMS 0x000000070a600000, 0x000000070a600000| Untracked 
|  50|0x000000070a800000, 0x000000070a800000, 0x000000070aa00000|  0%| F|  |TAMS 0x000000070a800000, 0x000000070a800000| Untracked 
|  51|0x000000070aa00000, 0x000000070aa00000, 0x000000070ac00000|  0%| F|  |TAMS 0x000000070aa00000, 0x000000070aa00000| Untracked 
|  52|0x000000070ac00000, 0x000000070ac00000, 0x000000070ae00000|  0%| F|  |TAMS 0x000000070ac00000, 0x000000070ac00000| Untracked 
|  53|0x000000070ae00000, 0x000000070ae00000, 0x000000070b000000|  0%| F|  |TAMS 0x000000070ae00000, 0x000000070ae00000| Untracked 
|  54|0x000000070b000000, 0x000000070b000000, 0x000000070b200000|  0%| F|  |TAMS 0x000000070b000000, 0x000000070b000000| Untracked 
|  55|0x000000070b200000, 0x000000070b200000, 0x000000070b400000|  0%| F|  |TAMS 0x000000070b200000, 0x000000070b200000| Untracked 
|  56|0x000000070b400000, 0x000000070b400000, 0x000000070b600000|  0%| F|  |TAMS 0x000000070b400000, 0x000000070b400000| Untracked 
|  57|0x000000070b600000, 0x000000070b600000, 0x000000070b800000|  0%| F|  |TAMS 0x000000070b600000, 0x000000070b600000| Untracked 
|  58|0x000000070b800000, 0x000000070b800000, 0x000000070ba00000|  0%| F|  |TAMS 0x000000070b800000, 0x000000070b800000| Untracked 
|  59|0x000000070ba00000, 0x000000070ba00000, 0x000000070bc00000|  0%| F|  |TAMS 0x000000070ba00000, 0x000000070ba00000| Untracked 
|  60|0x000000070bc00000, 0x000000070bc00000, 0x000000070be00000|  0%| F|  |TAMS 0x000000070bc00000, 0x000000070bc00000| Untracked 
|  61|0x000000070be00000, 0x000000070be00000, 0x000000070c000000|  0%| F|  |TAMS 0x000000070be00000, 0x000000070be00000| Untracked 
|  62|0x000000070c000000, 0x000000070c000000, 0x000000070c200000|  0%| F|  |TAMS 0x000000070c000000, 0x000000070c000000| Untracked 
|  63|0x000000070c200000, 0x000000070c200000, 0x000000070c400000|  0%| F|  |TAMS 0x000000070c200000, 0x000000070c200000| Untracked 
|  64|0x000000070c400000, 0x000000070c400000, 0x000000070c600000|  0%| F|  |TAMS 0x000000070c400000, 0x000000070c400000| Untracked 
|  65|0x000000070c600000, 0x000000070c600000, 0x000000070c800000|  0%| F|  |TAMS 0x000000070c600000, 0x000000070c600000| Untracked 
|  66|0x000000070c800000, 0x000000070c800000, 0x000000070ca00000|  0%| F|  |TAMS 0x000000070c800000, 0x000000070c800000| Untracked 
|  67|0x000000070ca00000, 0x000000070ca00000, 0x000000070cc00000|  0%| F|  |TAMS 0x000000070ca00000, 0x000000070ca00000| Untracked 
|  68|0x000000070cc00000, 0x000000070cc00000, 0x000000070ce00000|  0%| F|  |TAMS 0x000000070cc00000, 0x000000070cc00000| Untracked 
|  69|0x000000070ce00000, 0x000000070ce00000, 0x000000070d000000|  0%| F|  |TAMS 0x000000070ce00000, 0x000000070ce00000| Untracked 
|  70|0x000000070d000000, 0x000000070d000000, 0x000000070d200000|  0%| F|  |TAMS 0x000000070d000000, 0x000000070d000000| Untracked 
|  71|0x000000070d200000, 0x000000070d400000, 0x000000070d400000|100%| E|  |TAMS 0x000000070d200000, 0x000000070d200000| Complete 
|  72|0x000000070d400000, 0x000000070d600000, 0x000000070d600000|100%| E|CS|TAMS 0x000000070d400000, 0x000000070d400000| Complete 
|  73|0x000000070d600000, 0x000000070d800000, 0x000000070d800000|100%| E|CS|TAMS 0x000000070d600000, 0x000000070d600000| Complete 
|  74|0x000000070d800000, 0x000000070da00000, 0x000000070da00000|100%| E|CS|TAMS 0x000000070d800000, 0x000000070d800000| Complete 
|  75|0x000000070da00000, 0x000000070dc00000, 0x000000070dc00000|100%| E|CS|TAMS 0x000000070da00000, 0x000000070da00000| Complete 
|  76|0x000000070dc00000, 0x000000070de00000, 0x000000070de00000|100%| E|CS|TAMS 0x000000070dc00000, 0x000000070dc00000| Complete 
|  77|0x000000070de00000, 0x000000070e000000, 0x000000070e000000|100%| E|CS|TAMS 0x000000070de00000, 0x000000070de00000| Complete 
|  78|0x000000070e000000, 0x000000070e200000, 0x000000070e200000|100%| E|CS|TAMS 0x000000070e000000, 0x000000070e000000| Complete 
|  79|0x000000070e200000, 0x000000070e400000, 0x000000070e400000|100%| E|CS|TAMS 0x000000070e200000, 0x000000070e200000| Complete 
|  80|0x000000070e400000, 0x000000070e600000, 0x000000070e600000|100%| E|CS|TAMS 0x000000070e400000, 0x000000070e400000| Complete 
|  81|0x000000070e600000, 0x000000070e800000, 0x000000070e800000|100%| E|CS|TAMS 0x000000070e600000, 0x000000070e600000| Complete 
|  82|0x000000070e800000, 0x000000070ea00000, 0x000000070ea00000|100%| E|CS|TAMS 0x000000070e800000, 0x000000070e800000| Complete 
| 125|0x0000000713e00000, 0x0000000714000000, 0x0000000714000000|100%| E|CS|TAMS 0x0000000713e00000, 0x0000000713e00000| Complete 

Card table byte_map: [0x00000191df2b0000,0x00000191dfa90000] _byte_map_base: 0x00000191dba8e000

Marking Bits (Prev, Next): (CMBitMap*) 0x00000191d7b48540, (CMBitMap*) 0x00000191d7b48500
 Prev Bits: [0x00000191e4160000, 0x00000191e8050000)
 Next Bits: [0x00000191e0270000, 0x00000191e4160000)

Polling page: 0x00000191d6280000

Metaspace:

Usage:
  Non-class:     66.55 MB used.
      Class:     10.32 MB used.
       Both:     76.88 MB used.

Virtual space:
  Non-class space:       72.00 MB reserved,      66.81 MB ( 93%) committed,  9 nodes.
      Class space:        1.00 GB reserved,      10.56 MB (  1%) committed,  1 nodes.
             Both:        1.07 GB reserved,      77.38 MB (  7%) committed. 

Chunk freelists:
   Non-Class:  352.00 KB
       Class:  1.47 MB
        Both:  1.81 MB

MaxMetaspaceSize: unlimited
CompressedClassSpaceSize: 1.00 GB
Initial GC threshold: 21.00 MB
Current GC threshold: 98.56 MB
CDS: off
MetaspaceReclaimPolicy: balanced
 - commit_granule_bytes: 65536.
 - commit_granule_words: 8192.
 - virtual_space_node_default_size: 1048576.
 - enlarge_chunks_in_place: 1.
 - new_chunks_are_fully_committed: 0.
 - uncommit_free_chunks: 1.
 - use_allocation_guard: 0.
 - handle_deallocations: 1.


Internal statistics:

num_allocs_failed_limit: 9.
num_arena_births: 642.
num_arena_deaths: 0.
num_vsnodes_births: 10.
num_vsnodes_deaths: 0.
num_space_committed: 1238.
num_space_uncommitted: 0.
num_chunks_returned_to_freelist: 9.
num_chunks_taken_from_freelist: 3187.
num_chunk_merges: 9.
num_chunk_splits: 2305.
num_chunks_enlarged: 1812.
num_purges: 0.
num_inconsistent_stats: 0.

CodeCache: size=49152Kb used=12452Kb max_used=13882Kb free=36699Kb
 bounds [0x00000191db240000, 0x00000191dbfd0000, 0x00000191de240000]
 total_blobs=7031 nmethods=6378 adapters=580
 compilation: enabled
              stopped_count=0, restarted_count=0
 full_count=0

Compilation events (20 events):
Event: 127.971 Thread 0x00000191eb48d3d0 6517  s    1       org.apache.tomcat.util.collections.SynchronizedQueue::size (23 bytes)
Event: 127.971 Thread 0x00000191eb48d3d0 nmethod 6517 0x00000191db6be510 code [0x00000191db6be6a0, 0x00000191db6be838]
Event: 133.255 Thread 0x00000191eb48d3d0 6519       1       java.util.concurrent.locks.ReentrantReadWriteLock::readLock (5 bytes)
Event: 133.255 Thread 0x00000191eb48d3d0 nmethod 6519 0x00000191db6bde10 code [0x00000191db6bdfa0, 0x00000191db6be078]
Event: 136.033 Thread 0x00000191eb48d3d0 6520       1       org.apache.tomcat.util.net.SocketProperties::getTimeoutInterval (5 bytes)
Event: 136.033 Thread 0x00000191eb48d3d0 nmethod 6520 0x00000191db6bdb10 code [0x00000191db6bdca0, 0x00000191db6bdd78]
Event: 136.905 Thread 0x00000191eb48d3d0 6521       1       java.util.concurrent.locks.AbstractQueuedSynchronizer$Node::setPrevRelaxed (12 bytes)
Event: 136.905 Thread 0x00000191eb48d3d0 nmethod 6521 0x00000191db6bd810 code [0x00000191db6bd9a0, 0x00000191db6bdab8]
Event: 139.897 Thread 0x00000191eb48d3d0 6522       1       java.util.concurrent.locks.AbstractQueuedSynchronizer::casTail (13 bytes)
Event: 139.898 Thread 0x00000191eb48d3d0 nmethod 6522 0x00000191db6bd490 code [0x00000191db6bd620, 0x00000191db6bd758]
Event: 139.898 Thread 0x00000191eb48d3d0 6523       1       java.util.concurrent.locks.LockSupport::parkNanos (29 bytes)
Event: 139.898 Thread 0x00000191eb48d3d0 nmethod 6523 0x00000191db6bd010 code [0x00000191db6bd1c0, 0x00000191db6bd3c8]
Event: 145.890 Thread 0x00000191eb48d3d0 6524       1       java.util.concurrent.locks.AbstractQueuedSynchronizer$ConditionObject::awaitNanos (200 bytes)
Event: 145.891 Thread 0x00000191eb48d3d0 nmethod 6524 0x00000191db6bbf10 code [0x00000191db6bc140, 0x00000191db6bca48]
Event: 145.891 Thread 0x00000191eb48d3d0 6526       1       java.util.concurrent.locks.AbstractQueuedSynchronizer::enqueue (60 bytes)
Event: 145.891 Thread 0x00000191eb48d3d0 nmethod 6526 0x00000191db6bb790 code [0x00000191db6bb940, 0x00000191db6bbd88]
Event: 145.891 Thread 0x00000191eb48d3d0 6525       1       java.util.concurrent.locks.AbstractQueuedSynchronizer$ConditionObject::doSignal (54 bytes)
Event: 145.891 Thread 0x00000191eb48d3d0 nmethod 6525 0x00000191db6bb210 code [0x00000191db6bb3c0, 0x00000191db6bb628]
Event: 168.302 Thread 0x00000191eb48d3d0 6527       1       org.apache.juli.logging.DirectJDKLog::isTraceEnabled (11 bytes)
Event: 168.303 Thread 0x00000191eb48d3d0 nmethod 6527 0x00000191db6bae10 code [0x00000191db6bafa0, 0x00000191db6bb0b8]

GC Heap History (20 events):
Event: 2.776 GC heap before
{Heap before GC invocations=12 (full 0):
 garbage-first heap   total 86016K, used 65310K [0x0000000704400000, 0x0000000800000000)
  region size 2048K, 24 young (49152K), 1 survivors (2048K)
 Metaspace       used 43424K, committed 43840K, reserved 1089536K
  class space    used 5416K, committed 5632K, reserved 1048576K
}
Event: 2.780 GC heap after
{Heap after GC invocations=13 (full 0):
 garbage-first heap   total 86016K, used 19927K [0x0000000704400000, 0x0000000800000000)
  region size 2048K, 2 young (4096K), 2 survivors (4096K)
 Metaspace       used 43424K, committed 43840K, reserved 1089536K
  class space    used 5416K, committed 5632K, reserved 1048576K
}
Event: 3.054 GC heap before
{Heap before GC invocations=13 (full 0):
 garbage-first heap   total 86016K, used 64983K [0x0000000704400000, 0x0000000800000000)
  region size 2048K, 24 young (49152K), 2 survivors (4096K)
 Metaspace       used 47516K, committed 47872K, reserved 1097728K
  class space    used 5860K, committed 6016K, reserved 1048576K
}
Event: 3.059 GC heap after
{Heap after GC invocations=14 (full 0):
 garbage-first heap   total 86016K, used 21984K [0x0000000704400000, 0x0000000800000000)
  region size 2048K, 3 young (6144K), 3 survivors (6144K)
 Metaspace       used 47516K, committed 47872K, reserved 1097728K
  class space    used 5860K, committed 6016K, reserved 1048576K
}
Event: 3.349 GC heap before
{Heap before GC invocations=14 (full 0):
 garbage-first heap   total 86016K, used 64992K [0x0000000704400000, 0x0000000800000000)
  region size 2048K, 24 young (49152K), 3 survivors (6144K)
 Metaspace       used 51156K, committed 51456K, reserved 1097728K
  class space    used 6326K, committed 6464K, reserved 1048576K
}
Event: 3.352 GC heap after
{Heap after GC invocations=15 (full 0):
 garbage-first heap   total 86016K, used 23180K [0x0000000704400000, 0x0000000800000000)
  region size 2048K, 2 young (4096K), 2 survivors (4096K)
 Metaspace       used 51156K, committed 51456K, reserved 1097728K
  class space    used 6326K, committed 6464K, reserved 1048576K
}
Event: 3.617 GC heap before
{Heap before GC invocations=15 (full 0):
 garbage-first heap   total 86016K, used 66188K [0x0000000704400000, 0x0000000800000000)
  region size 2048K, 23 young (47104K), 2 survivors (4096K)
 Metaspace       used 55307K, committed 55680K, reserved 1105920K
  class space    used 7073K, committed 7296K, reserved 1048576K
}
Event: 3.619 GC heap after
{Heap after GC invocations=16 (full 0):
 garbage-first heap   total 86016K, used 24314K [0x0000000704400000, 0x0000000800000000)
  region size 2048K, 2 young (4096K), 2 survivors (4096K)
 Metaspace       used 55307K, committed 55680K, reserved 1105920K
  class space    used 7073K, committed 7296K, reserved 1048576K
}
Event: 3.866 GC heap before
{Heap before GC invocations=16 (full 0):
 garbage-first heap   total 86016K, used 67322K [0x0000000704400000, 0x0000000800000000)
  region size 2048K, 23 young (47104K), 2 survivors (4096K)
 Metaspace       used 59664K, committed 60032K, reserved 1105920K
  class space    used 7640K, committed 7808K, reserved 1048576K
}
Event: 3.868 GC heap after
{Heap after GC invocations=17 (full 0):
 garbage-first heap   total 86016K, used 24935K [0x0000000704400000, 0x0000000800000000)
  region size 2048K, 2 young (4096K), 2 survivors (4096K)
 Metaspace       used 59664K, committed 60032K, reserved 1105920K
  class space    used 7640K, committed 7808K, reserved 1048576K
}
Event: 3.897 GC heap before
{Heap before GC invocations=17 (full 0):
 garbage-first heap   total 86016K, used 29031K [0x0000000704400000, 0x0000000800000000)
  region size 2048K, 5 young (10240K), 2 survivors (4096K)
 Metaspace       used 60057K, committed 60416K, reserved 1105920K
  class space    used 7725K, committed 7936K, reserved 1048576K
}
Event: 3.900 GC heap after
{Heap after GC invocations=18 (full 0):
 garbage-first heap   total 86016K, used 24873K [0x0000000704400000, 0x0000000800000000)
  region size 2048K, 2 young (4096K), 2 survivors (4096K)
 Metaspace       used 60057K, committed 60416K, reserved 1105920K
  class space    used 7725K, committed 7936K, reserved 1048576K
}
Event: 4.178 GC heap before
{Heap before GC invocations=19 (full 0):
 garbage-first heap   total 86016K, used 67881K [0x0000000704400000, 0x0000000800000000)
  region size 2048K, 23 young (47104K), 2 survivors (4096K)
 Metaspace       used 63723K, committed 64128K, reserved 1105920K
  class space    used 8365K, committed 8576K, reserved 1048576K
}
Event: 4.181 GC heap after
{Heap after GC invocations=20 (full 0):
 garbage-first heap   total 172032K, used 25891K [0x0000000704400000, 0x0000000800000000)
  region size 2048K, 2 young (4096K), 2 survivors (4096K)
 Metaspace       used 63723K, committed 64128K, reserved 1105920K
  class space    used 8365K, committed 8576K, reserved 1048576K
}
Event: 4.850 GC heap before
{Heap before GC invocations=20 (full 0):
 garbage-first heap   total 172032K, used 124195K [0x0000000704400000, 0x0000000800000000)
  region size 2048K, 50 young (102400K), 2 survivors (4096K)
 Metaspace       used 69120K, committed 69568K, reserved 1114112K
  class space    used 9084K, committed 9280K, reserved 1048576K
}
Event: 4.856 GC heap after
{Heap after GC invocations=21 (full 0):
 garbage-first heap   total 172032K, used 31308K [0x0000000704400000, 0x0000000800000000)
  region size 2048K, 5 young (10240K), 5 survivors (10240K)
 Metaspace       used 69120K, committed 69568K, reserved 1114112K
  class space    used 9084K, committed 9280K, reserved 1048576K
}
Event: 5.489 GC heap before
{Heap before GC invocations=21 (full 0):
 garbage-first heap   total 172032K, used 123468K [0x0000000704400000, 0x0000000800000000)
  region size 2048K, 50 young (102400K), 5 survivors (10240K)
 Metaspace       used 72492K, committed 73024K, reserved 1114112K
  class space    used 9596K, committed 9856K, reserved 1048576K
}
Event: 5.497 GC heap after
{Heap after GC invocations=22 (full 0):
 garbage-first heap   total 172032K, used 38135K [0x0000000704400000, 0x0000000800000000)
  region size 2048K, 7 young (14336K), 7 survivors (14336K)
 Metaspace       used 72492K, committed 73024K, reserved 1114112K
  class space    used 9596K, committed 9856K, reserved 1048576K
}
Event: 9.557 GC heap before
{Heap before GC invocations=22 (full 0):
 garbage-first heap   total 172032K, used 126199K [0x0000000704400000, 0x0000000800000000)
  region size 2048K, 50 young (102400K), 7 survivors (14336K)
 Metaspace       used 76406K, committed 76928K, reserved 1122304K
  class space    used 10274K, committed 10496K, reserved 1048576K
}
Event: 9.565 GC heap after
{Heap after GC invocations=23 (full 0):
 garbage-first heap   total 172032K, used 40044K [0x0000000704400000, 0x0000000800000000)
  region size 2048K, 5 young (10240K), 5 survivors (10240K)
 Metaspace       used 76406K, committed 76928K, reserved 1122304K
  class space    used 10274K, committed 10496K, reserved 1048576K
}

Deoptimization events (20 events):
Event: 13.323 Thread 0x00000191ef7a74c0 DEOPT PACKING pc=0x00000191db796a64 sp=0x00000074cfdfc330
Event: 13.323 Thread 0x00000191ef7a74c0 DEOPT UNPACKING pc=0x00000191db296763 sp=0x00000074cfdfb8d8 mode 1
Event: 13.323 Thread 0x00000191ef7a74c0 DEOPT PACKING pc=0x00000191db793724 sp=0x00000074cfdfc530
Event: 13.323 Thread 0x00000191ef7a74c0 DEOPT UNPACKING pc=0x00000191db296763 sp=0x00000074cfdfb9d8 mode 1
Event: 13.323 Thread 0x00000191ef7a74c0 DEOPT PACKING pc=0x00000191db8fef54 sp=0x00000074cfdfc580
Event: 13.323 Thread 0x00000191ef7a74c0 DEOPT UNPACKING pc=0x00000191db296763 sp=0x00000074cfdfba80 mode 1
Event: 13.323 Thread 0x00000191ef7a74c0 DEOPT PACKING pc=0x00000191db90ea54 sp=0x00000074cfdfc650
Event: 13.323 Thread 0x00000191ef7a74c0 DEOPT UNPACKING pc=0x00000191db296763 sp=0x00000074cfdfbbb0 mode 1
Event: 13.327 Thread 0x00000191ef7a74c0 DEOPT PACKING pc=0x00000191db72aee4 sp=0x00000074cfdfc7c0
Event: 13.327 Thread 0x00000191ef7a74c0 DEOPT UNPACKING pc=0x00000191db296763 sp=0x00000074cfdfbc58 mode 1
Event: 13.327 Thread 0x00000191ef7a74c0 DEOPT PACKING pc=0x00000191db71a0fc sp=0x00000074cfdfc890
Event: 13.327 Thread 0x00000191ef7a74c0 DEOPT UNPACKING pc=0x00000191db296763 sp=0x00000074cfdfbd48 mode 1
Event: 13.327 Thread 0x00000191ef7a74c0 DEOPT PACKING pc=0x00000191db72aee4 sp=0x00000074cfdfc880
Event: 13.328 Thread 0x00000191ef7a74c0 DEOPT UNPACKING pc=0x00000191db296763 sp=0x00000074cfdfbd18 mode 1
Event: 13.328 Thread 0x00000191ef7a74c0 DEOPT PACKING pc=0x00000191db71a0fc sp=0x00000074cfdfc950
Event: 13.328 Thread 0x00000191ef7a74c0 DEOPT UNPACKING pc=0x00000191db296763 sp=0x00000074cfdfbe08 mode 1
Event: 13.328 Thread 0x00000191ef7a74c0 DEOPT PACKING pc=0x00000191db72aee4 sp=0x00000074cfdfc950
Event: 13.328 Thread 0x00000191ef7a74c0 DEOPT UNPACKING pc=0x00000191db296763 sp=0x00000074cfdfbde8 mode 1
Event: 13.328 Thread 0x00000191ef7a74c0 DEOPT PACKING pc=0x00000191db71a0fc sp=0x00000074cfdfca20
Event: 13.328 Thread 0x00000191ef7a74c0 DEOPT UNPACKING pc=0x00000191db296763 sp=0x00000074cfdfbed8 mode 1

Classes unloaded (0 events):
No events

Classes redefined (1 events):
Event: 171.991 Thread 0x00000191eab459b0 redefined class name=com.springboot.crud.plasse.validator.GenderValidator, count=1

Internal exceptions (20 events):
Event: 6.031 Thread 0x00000191d7adbb30 Exception <a 'java/lang/NoSuchMethodError'{0x000000070a558e70}: 'java.lang.Object java.lang.invoke.DirectMethodHandle$Holder.newInvokeSpecial(java.lang.Object, java.lang.Object, java.lang.Object, int)'> (0x000000070a558e70) 
thrown [s\src\hotspot\share\interpreter\linkResolver.cpp, line 759]
Event: 6.031 Thread 0x00000191d7adbb30 Exception <a 'java/lang/NoSuchMethodError'{0x000000070a55cf78}: 'java.lang.Object java.lang.invoke.DirectMethodHandle$Holder.invokeSpecial(java.lang.Object, java.lang.Object, java.lang.Object, java.lang.Object, int)'> (0x000000070a55cf78) 
thrown [s\src\hotspot\share\interpreter\linkResolver.cpp, line 759]
Event: 6.031 Thread 0x00000191d7adbb30 Exception <a 'java/lang/NoSuchMethodError'{0x000000070a560680}: 'java.lang.Object java.lang.invoke.Invokers$Holder.linkToTargetMethod(java.lang.Object, java.lang.Object, int, java.lang.Object)'> (0x000000070a560680) 
thrown [s\src\hotspot\share\interpreter\linkResolver.cpp, line 759]
Event: 9.721 Thread 0x00000191ef7a74c0 Exception <a 'java/lang/ClassNotFoundException'{0x000000070db6b1a0}: java/lang/ObjectCustomizer> (0x000000070db6b1a0) 
thrown [s\src\hotspot\share\classfile\systemDictionary.cpp, line 256]
Event: 9.722 Thread 0x00000191ef7a74c0 Exception <a 'java/lang/ClassNotFoundException'{0x000000070db76ac0}: org/hibernate/validator/internal/constraintvalidators/bv/size/SizeValidatorForCharSequenceCustomizer> (0x000000070db76ac0) 
thrown [s\src\hotspot\share\classfile\systemDictionary.cpp, line 256]
Event: 9.723 Thread 0x00000191ef7a74c0 Exception <a 'java/lang/ClassNotFoundException'{0x000000070db817f0}: javax/validation/ConstraintValidatorCustomizer> (0x000000070db817f0) 
thrown [s\src\hotspot\share\classfile\systemDictionary.cpp, line 256]
Event: 9.734 Thread 0x00000191ef7a74c0 Exception <a 'java/lang/ClassNotFoundException'{0x000000070d825b10}: java/lang/ObjectCustomizer> (0x000000070d825b10) 
thrown [s\src\hotspot\share\classfile\systemDictionary.cpp, line 256]
Event: 9.737 Thread 0x00000191ef7a74c0 Exception <a 'java/lang/ClassNotFoundException'{0x000000070d8304d8}: com/springboot/crud/plasse/validator/GenderValidatorCustomizer> (0x000000070d8304d8) 
thrown [s\src\hotspot\share\classfile\systemDictionary.cpp, line 256]
Event: 9.738 Thread 0x00000191ef7a74c0 Exception <a 'java/lang/ClassNotFoundException'{0x000000070d83a1d0}: javax/validation/ConstraintValidatorCustomizer> (0x000000070d83a1d0) 
thrown [s\src\hotspot\share\classfile\systemDictionary.cpp, line 256]
Event: 12.312 Thread 0x00000191ef7a74c0 Exception <a 'java/lang/ClassNotFoundException'{0x000000070d8f8ce0}: java/lang/ObjectCustomizer> (0x000000070d8f8ce0) 
thrown [s\src\hotspot\share\classfile\systemDictionary.cpp, line 256]
Event: 12.314 Thread 0x00000191ef7a74c0 Exception <a 'java/lang/ClassNotFoundException'{0x000000070d9037d8}: com/springboot/crud/plasse/validator/CountryValidatorCustomizer> (0x000000070d9037d8) 
thrown [s\src\hotspot\share\classfile\systemDictionary.cpp, line 256]
Event: 12.315 Thread 0x00000191ef7a74c0 Exception <a 'java/lang/ClassNotFoundException'{0x000000070d90d2a0}: javax/validation/ConstraintValidatorCustomizer> (0x000000070d90d2a0) 
thrown [s\src\hotspot\share\classfile\systemDictionary.cpp, line 256]
Event: 12.318 Thread 0x00000191ef7a74c0 Exception <a 'java/lang/ClassNotFoundException'{0x000000070d91b3c0}: java/lang/ObjectCustomizer> (0x000000070d91b3c0) 
thrown [s\src\hotspot\share\classfile\systemDictionary.cpp, line 256]
Event: 12.320 Thread 0x00000191ef7a74c0 Exception <a 'java/lang/ClassNotFoundException'{0x000000070d926668}: org/hibernate/validator/internal/constraintvalidators/bv/NotNullValidatorCustomizer> (0x000000070d926668) 
thrown [s\src\hotspot\share\classfile\systemDictionary.cpp, line 256]
Event: 12.323 Thread 0x00000191ef7a74c0 Exception <a 'java/lang/ClassNotFoundException'{0x000000070d92fa88}: javax/validation/ConstraintValidatorCustomizer> (0x000000070d92fa88) 
thrown [s\src\hotspot\share\classfile\systemDictionary.cpp, line 256]
Event: 12.325 Thread 0x00000191ef7a74c0 Exception <a 'java/lang/ClassNotFoundException'{0x000000070d93dc58}: java/lang/ObjectCustomizer> (0x000000070d93dc58) 
thrown [s\src\hotspot\share\classfile\systemDictionary.cpp, line 256]
Event: 12.326 Thread 0x00000191ef7a74c0 Exception <a 'java/lang/ClassNotFoundException'{0x000000070d948868}: com/springboot/crud/plasse/validator/BirthDateValidatorCustomizer> (0x000000070d948868) 
thrown [s\src\hotspot\share\classfile\systemDictionary.cpp, line 256]
Event: 12.327 Thread 0x00000191ef7a74c0 Exception <a 'java/lang/ClassNotFoundException'{0x000000070d952338}: javax/validation/ConstraintValidatorCustomizer> (0x000000070d952338) 
thrown [s\src\hotspot\share\classfile\systemDictionary.cpp, line 256]
Event: 12.332 Thread 0x00000191ef7a74c0 Exception <a 'java/lang/ClassNotFoundException'{0x000000070d97e560}: java/lang/ObjectCustomizer> (0x000000070d97e560) 
thrown [s\src\hotspot\share\classfile\systemDictionary.cpp, line 256]
Event: 12.335 Thread 0x00000191ef7a74c0 Exception <a 'java/lang/ClassNotFoundException'{0x000000070d988b98}: com/springboot/crud/plasse/model/EmployeeDtoCustomizer> (0x000000070d988b98) 
thrown [s\src\hotspot\share\classfile\systemDictionary.cpp, line 256]

VM Operations (20 events):
Event: 42.695 Executing VM operation: GetObjectMonitorUsage
Event: 42.695 Executing VM operation: GetObjectMonitorUsage done
Event: 42.695 Executing VM operation: GetObjectMonitorUsage
Event: 42.695 Executing VM operation: GetObjectMonitorUsage done
Event: 42.695 Executing VM operation: GetObjectMonitorUsage
Event: 42.695 Executing VM operation: GetObjectMonitorUsage done
Event: 42.696 Executing VM operation: GetObjectMonitorUsage
Event: 42.696 Executing VM operation: GetObjectMonitorUsage done
Event: 42.696 Executing VM operation: GetObjectMonitorUsage
Event: 42.696 Executing VM operation: GetObjectMonitorUsage done
Event: 60.689 Executing VM operation: ChangeBreakpoints
Event: 60.689 Executing VM operation: ChangeBreakpoints done
Event: 63.710 Executing VM operation: Cleanup
Event: 63.710 Executing VM operation: Cleanup done
Event: 70.756 Executing VM operation: Cleanup
Event: 70.756 Executing VM operation: Cleanup done
Event: 104.051 Executing VM operation: Cleanup
Event: 104.051 Executing VM operation: Cleanup done
Event: 171.982 Executing VM operation: RedefineClasses
Event: 172.010 Executing VM operation: RedefineClasses done

Events (20 events):
Event: 13.343 loading class sun/text/resources/JavaTimeSupplementary
Event: 13.343 loading class sun/text/resources/JavaTimeSupplementary done
Event: 13.343 loading class sun/util/resources/LocaleData$SupplementaryResourceBundleProvider
Event: 13.343 loading class sun/util/resources/LocaleData$SupplementaryResourceBundleProvider done
Event: 13.344 loading class sun/util/resources/ParallelListResourceBundle$KeySet
Event: 13.344 loading class sun/util/resources/ParallelListResourceBundle$KeySet done
Event: 13.345 loading class java/nio/StringCharBuffer
Event: 13.346 loading class java/nio/StringCharBuffer done
Event: 13.346 loading class sun/nio/cs/ISO_8859_1$Encoder
Event: 13.346 loading class sun/nio/cs/ISO_8859_1$Encoder done
Event: 13.346 loading class sun/nio/cs/Surrogate$Parser
Event: 13.346 loading class sun/nio/cs/Surrogate$Parser done
Event: 13.346 loading class sun/nio/cs/Surrogate
Event: 13.346 loading class sun/nio/cs/Surrogate done
Event: 91.040 Thread 0x00000191ed6c4400 Thread exited: 0x00000191ed6c4400
Event: 91.040 Thread 0x00000191ed3dae00 Thread exited: 0x00000191ed3dae00
Event: 91.040 Thread 0x00000191ed6ca910 Thread exited: 0x00000191ed6ca910
Event: 91.040 Thread 0x00000191ed6c78f0 Thread exited: 0x00000191ed6c78f0
Event: 91.056 Thread 0x00000191ed6c5c10 Thread exited: 0x00000191ed6c5c10
Event: 91.056 Thread 0x00000191ed47a4a0 Thread exited: 0x00000191ed47a4a0


Dynamic libraries:
0x00007ff745840000 - 0x00007ff74584e000 	C:\Users\ludovic.plasse.ext\Desktop\sts-4.16.1.RELEASE\plugins\org.eclipse.justj.openjdk.hotspot.jre.full.win32.x86_64_17.0.4.v20221004-1257\jre\bin\javaw.exe
0x00007ff823f90000 - 0x00007ff824188000 	C:\windows\SYSTEM32\ntdll.dll
0x00007ff822080000 - 0x00007ff82213f000 	C:\windows\System32\KERNEL32.DLL
0x00007ff821670000 - 0x00007ff821966000 	C:\windows\System32\KERNELBASE.dll
0x00007ff821a40000 - 0x00007ff821b40000 	C:\windows\System32\ucrtbase.dll
0x00007fff93ed0000 - 0x00007fff93ee8000 	C:\Users\ludovic.plasse.ext\Desktop\sts-4.16.1.RELEASE\plugins\org.eclipse.justj.openjdk.hotspot.jre.full.win32.x86_64_17.0.4.v20221004-1257\jre\bin\jli.dll
0x00007fffd9ad0000 - 0x00007fffd9ae9000 	C:\Users\ludovic.plasse.ext\Desktop\sts-4.16.1.RELEASE\plugins\org.eclipse.justj.openjdk.hotspot.jre.full.win32.x86_64_17.0.4.v20221004-1257\jre\bin\VCRUNTIME140.dll
0x00007ff822bf0000 - 0x00007ff822d8d000 	C:\windows\System32\USER32.dll
0x00007ff821970000 - 0x00007ff821992000 	C:\windows\System32\win32u.dll
0x00007ff821ff0000 - 0x00007ff82201c000 	C:\windows\System32\GDI32.dll
0x00007fffff0e0000 - 0x00007fffff37a000 	C:\windows\WinSxS\amd64_microsoft.windows.common-controls_6595b64144ccf1df_6.0.19041.1110_none_60b5254171f9507e\COMCTL32.dll
0x00007ff821be0000 - 0x00007ff821cf5000 	C:\windows\System32\gdi32full.dll
0x00007ff822880000 - 0x00007ff82291e000 	C:\windows\System32\msvcrt.dll
0x00007ff8219a0000 - 0x00007ff821a3d000 	C:\windows\System32\msvcp_win.dll
0x00007ff822d90000 - 0x00007ff822dc0000 	C:\windows\System32\IMM32.DLL
0x00000191d62a0000 - 0x00000191d62b4000 	C:\windows\System32\umppc16810.dll
0x00007fffd9ac0000 - 0x00007fffd9acc000 	C:\Users\ludovic.plasse.ext\Desktop\sts-4.16.1.RELEASE\plugins\org.eclipse.justj.openjdk.hotspot.jre.full.win32.x86_64_17.0.4.v20221004-1257\jre\bin\vcruntime140_1.dll
0x00007fffd9a20000 - 0x00007fffd9ab1000 	C:\Users\ludovic.plasse.ext\Desktop\sts-4.16.1.RELEASE\plugins\org.eclipse.justj.openjdk.hotspot.jre.full.win32.x86_64_17.0.4.v20221004-1257\jre\bin\msvcp140.dll
0x00007fff8c570000 - 0x00007fff8d1b6000 	C:\Users\ludovic.plasse.ext\Desktop\sts-4.16.1.RELEASE\plugins\org.eclipse.justj.openjdk.hotspot.jre.full.win32.x86_64_17.0.4.v20221004-1257\jre\bin\server\jvm.dll
0x00007ff822260000 - 0x00007ff82230f000 	C:\windows\System32\ADVAPI32.dll
0x00007ff822440000 - 0x00007ff8224dc000 	C:\windows\System32\sechost.dll
0x00007ff822a60000 - 0x00007ff822b86000 	C:\windows\System32\RPCRT4.dll
0x00007ff823770000 - 0x00007ff823778000 	C:\windows\System32\PSAPI.DLL
0x00007ff802540000 - 0x00007ff802549000 	C:\windows\SYSTEM32\WSOCK32.dll
0x00007ff8221f0000 - 0x00007ff82225b000 	C:\windows\System32\WS2_32.dll
0x00007ff80d750000 - 0x00007ff80d777000 	C:\windows\SYSTEM32\WINMM.dll
0x00007ff8167e0000 - 0x00007ff8167ea000 	C:\windows\SYSTEM32\VERSION.dll
0x00007ff81fc00000 - 0x00007ff81fc12000 	C:\windows\SYSTEM32\kernel.appcore.dll
0x00007fffc5910000 - 0x00007fffc591a000 	C:\Users\ludovic.plasse.ext\Desktop\sts-4.16.1.RELEASE\plugins\org.eclipse.justj.openjdk.hotspot.jre.full.win32.x86_64_17.0.4.v20221004-1257\jre\bin\jimage.dll
0x00007ff81f7f0000 - 0x00007ff81f9d4000 	C:\windows\SYSTEM32\DBGHELP.DLL
0x00007ff814ff0000 - 0x00007ff815024000 	C:\windows\SYSTEM32\dbgcore.DLL
0x00007ff821d50000 - 0x00007ff821dd2000 	C:\windows\System32\bcryptPrimitives.dll
0x00007ffffee40000 - 0x00007ffffee7b000 	C:\Users\ludovic.plasse.ext\Desktop\sts-4.16.1.RELEASE\plugins\org.eclipse.justj.openjdk.hotspot.jre.full.win32.x86_64_17.0.4.v20221004-1257\jre\bin\jdwp.dll
0x00007fffc5900000 - 0x00007fffc590e000 	C:\Users\ludovic.plasse.ext\Desktop\sts-4.16.1.RELEASE\plugins\org.eclipse.justj.openjdk.hotspot.jre.full.win32.x86_64_17.0.4.v20221004-1257\jre\bin\instrument.dll
0x00007fff93e80000 - 0x00007fff93ea5000 	C:\Users\ludovic.plasse.ext\Desktop\sts-4.16.1.RELEASE\plugins\org.eclipse.justj.openjdk.hotspot.jre.full.win32.x86_64_17.0.4.v20221004-1257\jre\bin\java.dll
0x00007fff943a0000 - 0x00007fff943b8000 	C:\Users\ludovic.plasse.ext\Desktop\sts-4.16.1.RELEASE\plugins\org.eclipse.justj.openjdk.hotspot.jre.full.win32.x86_64_17.0.4.v20221004-1257\jre\bin\zip.dll
0x00007ff823780000 - 0x00007ff823ec4000 	C:\windows\System32\SHELL32.dll
0x00007ff81f050000 - 0x00007ff81f7e4000 	C:\windows\SYSTEM32\windows.storage.dll
0x00007ff823410000 - 0x00007ff823764000 	C:\windows\System32\combase.dll
0x00007ff8210b0000 - 0x00007ff8210de000 	C:\windows\SYSTEM32\Wldp.dll
0x00007ff823360000 - 0x00007ff82340d000 	C:\windows\System32\SHCORE.dll
0x00007ff822a00000 - 0x00007ff822a55000 	C:\windows\System32\shlwapi.dll
0x00007ff8215a0000 - 0x00007ff8215c5000 	C:\windows\SYSTEM32\profapi.dll
0x00007ff817f60000 - 0x00007ff817f6c000 	C:\Users\ludovic.plasse.ext\Desktop\sts-4.16.1.RELEASE\plugins\org.eclipse.justj.openjdk.hotspot.jre.full.win32.x86_64_17.0.4.v20221004-1257\jre\bin\dt_socket.dll
0x00007ff820ab0000 - 0x00007ff820aec000 	C:\windows\SYSTEM32\IPHLPAPI.DLL
0x00007ff820e10000 - 0x00007ff820e7a000 	C:\windows\system32\mswsock.dll
0x00007ff820b00000 - 0x00007ff820bca000 	C:\windows\SYSTEM32\DNSAPI.dll
0x00007ff823230000 - 0x00007ff823238000 	C:\windows\System32\NSI.dll
0x00007ff8172d0000 - 0x00007ff8172da000 	C:\Windows\System32\rasadhlp.dll
0x00007ff8191a0000 - 0x00007ff819222000 	C:\windows\System32\fwpuclnt.dll
0x00007ff821b40000 - 0x00007ff821b67000 	C:\windows\System32\bcrypt.dll
0x00007fff94380000 - 0x00007fff94399000 	C:\Users\ludovic.plasse.ext\Desktop\sts-4.16.1.RELEASE\plugins\org.eclipse.justj.openjdk.hotspot.jre.full.win32.x86_64_17.0.4.v20221004-1257\jre\bin\net.dll
0x00007ff820640000 - 0x00007ff82074a000 	C:\windows\SYSTEM32\WINHTTP.dll
0x00007fff94320000 - 0x00007fff94335000 	C:\Users\ludovic.plasse.ext\Desktop\sts-4.16.1.RELEASE\plugins\org.eclipse.justj.openjdk.hotspot.jre.full.win32.x86_64_17.0.4.v20221004-1257\jre\bin\nio.dll
0x00007ff817f00000 - 0x00007ff817f09000 	C:\Users\ludovic.plasse.ext\Desktop\sts-4.16.1.RELEASE\plugins\org.eclipse.justj.openjdk.hotspot.jre.full.win32.x86_64_17.0.4.v20221004-1257\jre\bin\management.dll
0x00007ff817ef0000 - 0x00007ff817efb000 	C:\Users\ludovic.plasse.ext\Desktop\sts-4.16.1.RELEASE\plugins\org.eclipse.justj.openjdk.hotspot.jre.full.win32.x86_64_17.0.4.v20221004-1257\jre\bin\management_ext.dll
0x00007ff80d8d0000 - 0x00007ff80d8e7000 	C:\windows\system32\napinsp.dll
0x00007ff80d8b0000 - 0x00007ff80d8cb000 	C:\windows\system32\pnrpnsp.dll
0x00007ff819820000 - 0x00007ff819835000 	C:\windows\system32\wshbth.dll
0x00007ff819280000 - 0x00007ff81929d000 	C:\windows\system32\NLAapi.dll
0x00007ff80d890000 - 0x00007ff80d8a2000 	C:\windows\System32\winrnr.dll
0x00007ff821000000 - 0x00007ff821018000 	C:\windows\SYSTEM32\CRYPTSP.dll
0x00007ff8205b0000 - 0x00007ff8205e4000 	C:\windows\system32\rsaenh.dll
0x00007ff821520000 - 0x00007ff82154e000 	C:\windows\SYSTEM32\USERENV.dll
0x00007ff821020000 - 0x00007ff82102c000 	C:\windows\SYSTEM32\CRYPTBASE.dll
0x00007ff819100000 - 0x00007ff819117000 	C:\windows\SYSTEM32\dhcpcsvc6.DLL
0x00007ff818ca0000 - 0x00007ff818cbd000 	C:\windows\SYSTEM32\dhcpcsvc.DLL
0x00007fffacfb0000 - 0x00007fffacfc0000 	C:\Users\ludovic.plasse.ext\Desktop\sts-4.16.1.RELEASE\plugins\org.eclipse.justj.openjdk.hotspot.jre.full.win32.x86_64_17.0.4.v20221004-1257\jre\bin\verify.dll
0x00007fff8b6c0000 - 0x00007fff8b6ce000 	C:\Users\ludovic.plasse.ext\Desktop\sts-4.16.1.RELEASE\plugins\org.eclipse.justj.openjdk.hotspot.jre.full.win32.x86_64_17.0.4.v20221004-1257\jre\bin\sunmscapi.dll
0x00007ff821de0000 - 0x00007ff821f3e000 	C:\windows\System32\CRYPT32.dll
0x00007ff821120000 - 0x00007ff821148000 	C:\windows\SYSTEM32\ncrypt.dll
0x00007ff8210e0000 - 0x00007ff82111b000 	C:\windows\SYSTEM32\NTASN1.dll
0x00007ff811d70000 - 0x00007ff811d77000 	C:\windows\system32\wshunix.dll

dbghelp: loaded successfully - version: 4.0.5 - missing functions: none
symbol engine: initialized successfully - sym options: 0x614 - pdb path: .;C:\Users\ludovic.plasse.ext\Desktop\sts-4.16.1.RELEASE\plugins\org.eclipse.justj.openjdk.hotspot.jre.full.win32.x86_64_17.0.4.v20221004-1257\jre\bin;C:\windows\SYSTEM32;C:\windows\WinSxS\amd64_microsoft.windows.common-controls_6595b64144ccf1df_6.0.19041.1110_none_60b5254171f9507e;C:\Users\ludovic.plasse.ext\Desktop\sts-4.16.1.RELEASE\plugins\org.eclipse.justj.openjdk.hotspot.jre.full.win32.x86_64_17.0.4.v20221004-1257\jre\bin\server

VM Arguments:
jvm_args: -XX:+ShowCodeDetailsInExceptionMessages -agentlib:jdwp=transport=dt_socket,suspend=y,address=localhost:51883 -Dcom.sun.management.jmxremote -Dcom.sun.management.jmxremote.port=51882 -Dcom.sun.management.jmxremote.authenticate=false -Dcom.sun.management.jmxremote.ssl=false -Djava.rmi.server.hostname=localhost -Dspring.jmx.enabled=true -Dspring.application.admin.enabled=true -XX:TieredStopAtLevel=1 -Dspring.boot.project.name=crud -javaagent:C:\Users\ludovic.plasse.ext\Desktop\sts-4.16.1.RELEASE\configuration\org.eclipse.osgi\268\0\.cp\lib\javaagent-shaded.jar -Dfile.encoding=UTF-8 
java_command: com.springboot.crud.plasse.CrudApplication --spring.output.ansi.enabled=always
java_class_path (initial): C:\Users\ludovic.plasse.ext\Documents\Spring projects\crud\target\classes;C:\Users\ludovic.plasse.ext\.m2\repository\io\swagger\swagger-annotations\1.5.20\swagger-annotations-1.5.20.jar;C:\Users\ludovic.plasse.ext\.m2\repository\org\springframework\boot\spring-boot-starter-data-jpa\2.7.5\spring-boot-starter-data-jpa-2.7.5.jar;C:\Users\ludovic.plasse.ext\.m2\repository\org\springframework\boot\spring-boot-starter-jdbc\2.7.5\spring-boot-starter-jdbc-2.7.5.jar;C:\Users\ludovic.plasse.ext\.m2\repository\com\zaxxer\HikariCP\4.0.3\HikariCP-4.0.3.jar;C:\Users\ludovic.plasse.ext\.m2\repository\org\springframework\spring-jdbc\5.3.23\spring-jdbc-5.3.23.jar;C:\Users\ludovic.plasse.ext\.m2\repository\jakarta\transaction\jakarta.transaction-api\1.3.3\jakarta.transaction-api-1.3.3.jar;C:\Users\ludovic.plasse.ext\.m2\repository\jakarta\persistence\jakarta.persistence-api\2.2.3\jakarta.persistence-api-2.2.3.jar;C:\Users\ludovic.plasse.ext\.m2\repository\org\hibernate\hibernate-core\5.6.12.Final\hibernate-core-5.6.12.Final.jar;C:\Users\ludovic.plasse.ext\.m2\repository\org\jboss\logging\jboss-logging\3.4.3.Final\jboss-logging-3.4.3.Final.jar;C:\Users\ludovic.plasse.ext\.m2\repository\net\bytebuddy\byte-buddy\1.12.18\byte-buddy-1.12.18.jar;C:\Users\ludovic.plasse.ext\.m2\repository\antlr\antlr\2.7.7\antlr-2.7.7.jar;C:\Users\ludovic.plasse.ext\.m2\repository\org\jboss\jandex\2.4.2.Final\jandex-2.4.2.Final.jar;C:\Users\ludovic.plasse.ext\.m2\repository\org\hibernate\common\hibernate-commons-annotations\5.1.2.Final\hibernate-commons-annotations-5.1.2.Final.jar;C:\Users\ludovic.plasse.ext\.m2\repository\org\glassfish\jaxb\jaxb-runtime\2.3.7\jaxb-runtime-2.3.7.jar;C:\Users\ludovic.plasse.ext\.m2\repository\org\glassfish\jaxb\txw2\2.3.7\txw2-2.3.7.jar;C:\Users\ludovic.plasse.ext\.m2\repository\com\sun\istack\istack-commons-runtime\3.0.12\istack-commons-runtime-3.0.12.jar;C:\Users\ludovic.plasse.ext\.m2\repository\com\sun\activation\jakarta.activation\1.2.2\jaka
Launcher Type: SUN_STANDARD

[Global flags]
     intx CICompilerCount                          = 4                                         {product} {ergonomic}
     uint ConcGCThreads                            = 2                                         {product} {ergonomic}
     uint G1ConcRefinementThreads                  = 8                                         {product} {ergonomic}
   size_t G1HeapRegionSize                         = 2097152                                   {product} {ergonomic}
    uintx GCDrainStackTargetSize                   = 64                                        {product} {ergonomic}
   size_t InitialHeapSize                          = 264241152                                 {product} {ergonomic}
     bool ManagementServer                         = true                                      {product} {command line}
   size_t MarkStackSize                            = 4194304                                   {product} {ergonomic}
   size_t MaxHeapSize                              = 4223664128                                {product} {ergonomic}
   size_t MaxNewSize                               = 2533359616                                {product} {ergonomic}
   size_t MinHeapDeltaBytes                        = 2097152                                   {product} {ergonomic}
   size_t MinHeapSize                              = 8388608                                   {product} {ergonomic}
    uintx NonProfiledCodeHeapSize                  = 0                                      {pd product} {ergonomic}
     bool ProfileInterpreter                       = false                                  {pd product} {command line}
    uintx ProfiledCodeHeapSize                     = 0                                      {pd product} {ergonomic}
     bool ShowCodeDetailsInExceptionMessages       = true                                   {manageable} {command line}
   size_t SoftMaxHeapSize                          = 4223664128                             {manageable} {ergonomic}
     intx TieredStopAtLevel                        = 1                                         {product} {command line}
     bool UseCompressedClassPointers               = true                           {product lp64_product} {ergonomic}
     bool UseCompressedOops                        = true                           {product lp64_product} {ergonomic}
     bool UseG1GC                                  = true                                      {product} {ergonomic}
     bool UseLargePagesIndividualAllocation        = false                                  {pd product} {ergonomic}

Logging:
Log output configuration:
 #0: stdout all=warning uptime,level,tags
 #1: stderr all=off uptime,level,tags

Environment Variables:
JAVA_HOME=C:\Program Files\OpenJDK\Jdk-16.0.1
PATH=C:\Users\ludovic.plasse.ext\Desktop\sts-4.16.1.RELEASE\plugins\org.eclipse.justj.openjdk.hotspot.jre.full.win32.x86_64_17.0.4.v20221004-1257\jre\bin;C:/Users/ludovic.plasse.ext/Desktop/sts-4.16.1.RELEASE//plugins/org.eclipse.justj.openjdk.hotspot.jre.full.win32.x86_64_17.0.4.v20221004-1257/jre/bin/server;C:/Users/ludovic.plasse.ext/Desktop/sts-4.16.1.RELEASE//plugins/org.eclipse.justj.openjdk.hotspot.jre.full.win32.x86_64_17.0.4.v20221004-1257/jre/bin;C:\Program Files (x86)\Common Files\Oracle\Java\javapath;C:\Program Files\OpenJDK\Jdk-16.0.1\bin;C:\Windows\System32;C:\windows;C:\windows\System32\Wbem;C:\windows\System32\WindowsPowerShell\v1.0\;C:\windows\System32\OpenSSH\;C:\Users\Support\AppData\Local\Microsoft\WindowsApps;C:\Program Files\nodejs\;C:\Program Files (x86)\QuickTime\QTSystem\;C:\Windows\System32;C:\Users\ludovic.plasse.ext\AppData\Roaming\npm;C:\Users\ludovic.plasse.ext\AppData\Local\Programs\Microsoft VS Code\bin;C:\Users\ludovic.plasse.ext\Desktop\sts-4.16.1.RELEASE;
USERNAME=ludovic.plasse.ext
OS=Windows_NT
PROCESSOR_IDENTIFIER=Intel64 Family 6 Model 140 Stepping 1, GenuineIntel
TMP=C:\Users\LUDOVI~1.EXT\AppData\Local\Temp
TEMP=C:\Users\LUDOVI~1.EXT\AppData\Local\Temp



---------------  S Y S T E M  ---------------

OS:
 Windows 10 , 64 bit Build 19041 (10.0.19041.3155)
OS uptime: 2 days 22:59 hours

CPU: total 8 (initial active 8) (4 cores per cpu, 2 threads per core) family 6 model 140 stepping 1 microcode 0xa4, cx8, cmov, fxsr, ht, mmx, 3dnowpref, sse, sse2, sse3, ssse3, sse4.1, sse4.2, popcnt, lzcnt, tsc, tscinvbit, avx, avx2, aes, erms, clmul, bmi1, bmi2, adx, avx512f, avx512dq, avx512cd, avx512bw, avx512vl, sha, fma, vzeroupper, avx512_vpopcntdq, avx512_vpclmulqdq, avx512_vaes, avx512_vnni, clflush, clflushopt, clwb, avx512_vbmi2, avx512_vbmi

Memory: 4k page, system-wide physical 16110M (4194M free)
TotalPageFile size 21998M (AvailPageFile size 3772M)
current process WorkingSet (physical memory assigned to process): 335M, peak: 335M
current process commit charge ("private bytes"): 370M, peak: 371M

vm_info: OpenJDK 64-Bit Server VM (17.0.4.1+1) for windows-amd64 JRE (17.0.4.1+1), built on Aug 17 2022 07:42:43 by "temurin" with MS VC++ 16.7 (VS2019)

END.
